# JRE version: OpenJDK Runtime Environment (11.0.10) (build 11.0.10+0-b96-7249189)
# Java VM: OpenJDK 64-Bit Server VM (11.0.10+0-b96-7249189, mixed mode, tiered, compressed oops, g1 gc, windows-amd64)
Heap:
 garbage-first heap   total 163840K, used 69004K [0x00000000a0000000, 0x0000000100000000)
  region size 1024K, 54 young (55296K), 9 survivors (9216K)
 Metaspace       used 39878K, capacity 40644K, committed 40832K, reserved 1085440K
  class space    used 5062K, capacity 5378K, committed 5504K, reserved 1048576K
GC Heap History (14 events):
Event: 3.156 GC heap before
{Heap before GC invocations=0 (full 0):
 garbage-first heap   total 163840K, used 19456K [0x00000000a0000000, 0x0000000100000000)
  region size 1024K, 14 young (14336K), 0 survivors (0K)
 Metaspace       used 7500K, capacity 7743K, committed 7936K, reserved 1056768K
  class space    used 689K, capacity 748K, committed 768K, reserved 1048576K
}
Event: 3.220 GC heap after
{Heap after GC invocations=1 (full 0):
 garbage-first heap   total 163840K, used 7968K [0x00000000a0000000, 0x0000000100000000)
  region size 1024K, 2 young (2048K), 2 survivors (2048K)
 Metaspace       used 7500K, capacity 7743K, committed 7936K, reserved 1056768K
  class space    used 689K, capacity 748K, committed 768K, reserved 1048576K
}
Event: 4.396 GC heap before
{Heap before GC invocations=1 (full 0):
 garbage-first heap   total 163840K, used 19232K [0x00000000a0000000, 0x0000000100000000)
  region size 1024K, 13 young (13312K), 2 survivors (2048K)
 Metaspace       used 10868K, capacity 11085K, committed 11264K, reserved 1058816K
  class space    used 1145K, capacity 1203K, committed 1280K, reserved 1048576K
}
Event: 4.403 GC heap after
{Heap after GC invocations=2 (full 0):
 garbage-first heap   total 163840K, used 8830K [0x00000000a0000000, 0x0000000100000000)
  region size 1024K, 1 young (1024K), 1 survivors (1024K)
 Metaspace       used 10868K, capacity 11085K, committed 11264K, reserved 1058816K
  class space    used 1145K, capacity 1203K, committed 1280K, reserved 1048576K
}
Event: 6.295 GC heap before
{Heap before GC invocations=2 (full 0):
 garbage-first heap   total 163840K, used 34430K [0x00000000a0000000, 0x0000000100000000)
  region size 1024K, 27 young (27648K), 1 survivors (1024K)
 Metaspace       used 11025K, capacity 11214K, committed 11520K, reserved 1058816K
  class space    used 1146K, capacity 1203K, committed 1280K, reserved 1048576K
}
Event: 6.301 GC heap after
{Heap after GC invocations=3 (full 0):
 garbage-first heap   total 163840K, used 12950K [0x00000000a0000000, 0x0000000100000000)
  region size 1024K, 4 young (4096K), 4 survivors (4096K)
 Metaspace       used 11025K, capacity 11214K, committed 11520K, reserved 1058816K
  class space    used 1146K, capacity 1203K, committed 1280K, reserved 1048576K
}
Event: 12.040 GC heap before
{Heap before GC invocations=3 (full 0):
 garbage-first heap   total 163840K, used 51862K [0x00000000a0000000, 0x0000000100000000)
  region size 1024K, 42 young (43008K), 4 survivors (4096K)
 Metaspace       used 18141K, capacity 18531K, committed 18816K, reserved 1064960K
  class space    used 2176K, capacity 2308K, committed 2432K, reserved 1048576K
}
Event: 12.092 GC heap after
{Heap after GC invocations=4 (full 0):
 garbage-first heap   total 163840K, used 15953K [0x00000000a0000000, 0x0000000100000000)
  region size 1024K, 3 young (3072K), 3 survivors (3072K)
 Metaspace       used 18141K, capacity 18531K, committed 18816K, reserved 1064960K
  class space    used 2176K, capacity 2308K, committed 2432K, reserved 1048576K
}
Event: 13.159 GC heap before
{Heap before GC invocations=4 (full 0):
 garbage-first heap   total 163840K, used 32337K [0x00000000a0000000, 0x0000000100000000)
  region size 1024K, 20 young (20480K), 3 survivors (3072K)
 Metaspace       used 20595K, capacity 21075K, committed 21248K, reserved 1067008K
  class space    used 2535K, capacity 2693K, committed 2816K, reserved 1048576K
}
Event: 13.168 GC heap after
{Heap after GC invocations=5 (full 0):
 garbage-first heap   total 163840K, used 16584K [0x00000000a0000000, 0x0000000100000000)
  region size 1024K, 4 young (4096K), 4 survivors (4096K)
 Metaspace       used 20595K, capacity 21075K, committed 21248K, reserved 1067008K
  class space    used 2535K, capacity 2693K, committed 2816K, reserved 1048576K
}
Event: 18.485 GC heap before
{Heap before GC invocations=6 (full 0):
 garbage-first heap   total 163840K, used 68808K [0x00000000a0000000, 0x0000000100000000)
  region size 1024K, 56 young (57344K), 4 survivors (4096K)
 Metaspace       used 26327K, capacity 26886K, committed 27008K, reserved 1073152K
  class space    used 3443K, capacity 3635K, committed 3712K, reserved 1048576K
}
Event: 18.499 GC heap after
{Heap after GC invocations=7 (full 0):
 garbage-first heap   total 163840K, used 18604K [0x00000000a0000000, 0x0000000100000000)
  region size 1024K, 6 young (6144K), 6 survivors (6144K)
 Metaspace       used 26327K, capacity 26886K, committed 27008K, reserved 1073152K
  class space    used 3443K, capacity 3635K, committed 3712K, reserved 1048576K
}
Event: 21.576 GC heap before
{Heap before GC invocations=7 (full 0):
 garbage-first heap   total 163840K, used 67756K [0x00000000a0000000, 0x0000000100000000)
  region size 1024K, 53 young (54272K), 6 survivors (6144K)
 Metaspace       used 35109K, capacity 35740K, committed 35840K, reserved 1081344K
  class space    used 4522K, capacity 4775K, committed 4864K, reserved 1048576K
}
Event: 21.595 GC heap after
{Heap after GC invocations=8 (full 0):
 garbage-first heap   total 163840K, used 23948K [0x00000000a0000000, 0x0000000100000000)
  region size 1024K, 9 young (9216K), 9 survivors (9216K)
 Metaspace       used 35109K, capacity 35740K, committed 35840K, reserved 1081344K
  class space    used 4522K, capacity 4775K, committed 4864K, reserved 1048576K
}

