# JRE version: OpenJDK Runtime Environment (11.0.10) (build 11.0.10+0-b96-7249189)
# Java VM: OpenJDK 64-Bit Server VM (11.0.10+0-b96-7249189, mixed mode, tiered, compressed oops, g1 gc, windows-amd64)
Heap:
 garbage-first heap   total 563200K, used 84775K [0x00000000a0000000, 0x0000000100000000)
  region size 1024K, 2 young (2048K), 2 survivors (2048K)
 Metaspace       used 81591K, capacity 83641K, committed 83968K, reserved 1122304K
  class space    used 10187K, capacity 10903K, committed 11008K, reserved 1048576K
GC Heap History (20 events):
Event: 288.548 GC heap after
{Heap after GC invocations=55 (full 0):
 garbage-first heap   total 163840K, used 81223K [0x00000000a0000000, 0x0000000100000000)
  region size 1024K, 2 young (2048K), 2 survivors (2048K)
 Metaspace       used 81563K, capacity 83637K, committed 83968K, reserved 1122304K
  class space    used 10187K, capacity 10903K, committed 11008K, reserved 1048576K
}
Event: 290.070 GC heap before
{Heap before GC invocations=55 (full 0):
 garbage-first heap   total 163840K, used 136519K [0x00000000a0000000, 0x0000000100000000)
  region size 1024K, 58 young (59392K), 2 survivors (2048K)
 Metaspace       used 81568K, capacity 83639K, committed 83968K, reserved 1122304K
  class space    used 10187K, capacity 10903K, committed 11008K, reserved 1048576K
}
Event: 290.076 GC heap after
{Heap after GC invocations=56 (full 0):
 garbage-first heap   total 163840K, used 82173K [0x00000000a0000000, 0x0000000100000000)
  region size 1024K, 3 young (3072K), 3 survivors (3072K)
 Metaspace       used 81568K, capacity 83639K, committed 83968K, reserved 1122304K
  class space    used 10187K, capacity 10903K, committed 11008K, reserved 1048576K
}
Event: 292.669 GC heap before
{Heap before GC invocations=56 (full 0):
 garbage-first heap   total 163840K, used 138493K [0x00000000a0000000, 0x0000000100000000)
  region size 1024K, 58 young (59392K), 3 survivors (3072K)
 Metaspace       used 81585K, capacity 83641K, committed 83968K, reserved 1122304K
  class space    used 10187K, capacity 10903K, committed 11008K, reserved 1048576K
}
Event: 292.674 GC heap after
{Heap after GC invocations=57 (full 0):
 garbage-first heap   total 163840K, used 83922K [0x00000000a0000000, 0x0000000100000000)
  region size 1024K, 5 young (5120K), 5 survivors (5120K)
 Metaspace       used 81585K, capacity 83641K, committed 83968K, reserved 1122304K
  class space    used 10187K, capacity 10903K, committed 11008K, reserved 1048576K
}
Event: 294.401 GC heap before
{Heap before GC invocations=57 (full 0):
 garbage-first heap   total 163840K, used 138194K [0x00000000a0000000, 0x0000000100000000)
  region size 1024K, 58 young (59392K), 5 survivors (5120K)
 Metaspace       used 81589K, capacity 83641K, committed 83968K, reserved 1122304K
  class space    used 10187K, capacity 10903K, committed 11008K, reserved 1048576K
}
Event: 294.514 GC heap after
{Heap after GC invocations=58 (full 0):
 garbage-first heap   total 163840K, used 85089K [0x00000000a0000000, 0x0000000100000000)
  region size 1024K, 6 young (6144K), 6 survivors (6144K)
 Metaspace       used 81589K, capacity 83641K, committed 83968K, reserved 1122304K
  class space    used 10187K, capacity 10903K, committed 11008K, reserved 1048576K
}
Event: 295.532 GC heap before
{Heap before GC invocations=58 (full 0):
 garbage-first heap   total 163840K, used 137313K [0x00000000a0000000, 0x0000000100000000)
  region size 1024K, 57 young (58368K), 6 survivors (6144K)
 Metaspace       used 81589K, capacity 83641K, committed 83968K, reserved 1122304K
  class space    used 10187K, capacity 10903K, committed 11008K, reserved 1048576K
}
Event: 295.577 GC heap after
{Heap after GC invocations=59 (full 0):
 garbage-first heap   total 163840K, used 85492K [0x00000000a0000000, 0x0000000100000000)
  region size 1024K, 5 young (5120K), 5 survivors (5120K)
 Metaspace       used 81589K, capacity 83641K, committed 83968K, reserved 1122304K
  class space    used 10187K, capacity 10903K, committed 11008K, reserved 1048576K
}
Event: 296.599 GC heap before
{Heap before GC invocations=59 (full 0):
 garbage-first heap   total 163840K, used 136692K [0x00000000a0000000, 0x0000000100000000)
  region size 1024K, 55 young (56320K), 5 survivors (5120K)
 Metaspace       used 81589K, capacity 83641K, committed 83968K, reserved 1122304K
  class space    used 10187K, capacity 10903K, committed 11008K, reserved 1048576K
}
Event: 296.631 GC heap after
{Heap after GC invocations=60 (full 0):
 garbage-first heap   total 163840K, used 86349K [0x00000000a0000000, 0x0000000100000000)
  region size 1024K, 5 young (5120K), 5 survivors (5120K)
 Metaspace       used 81589K, capacity 83641K, committed 83968K, reserved 1122304K
  class space    used 10187K, capacity 10903K, committed 11008K, reserved 1048576K
}
Event: 298.420 GC heap before
{Heap before GC invocations=60 (full 0):
 garbage-first heap   total 163840K, used 135501K [0x00000000a0000000, 0x0000000100000000)
  region size 1024K, 54 young (55296K), 5 survivors (5120K)
 Metaspace       used 81589K, capacity 83641K, committed 83968K, reserved 1122304K
  class space    used 10187K, capacity 10903K, committed 11008K, reserved 1048576K
}
Event: 298.831 GC heap after
{Heap after GC invocations=61 (full 0):
 garbage-first heap   total 196608K, used 86789K [0x00000000a0000000, 0x0000000100000000)
  region size 1024K, 5 young (5120K), 5 survivors (5120K)
 Metaspace       used 81589K, capacity 83641K, committed 83968K, reserved 1122304K
  class space    used 10187K, capacity 10903K, committed 11008K, reserved 1048576K
}
Event: 299.090 GC heap before
{Heap before GC invocations=61 (full 0):
 garbage-first heap   total 196608K, used 133893K [0x00000000a0000000, 0x0000000100000000)
  region size 1024K, 52 young (53248K), 5 survivors (5120K)
 Metaspace       used 81591K, capacity 83641K, committed 83968K, reserved 1122304K
  class space    used 10187K, capacity 10903K, committed 11008K, reserved 1048576K
}
Event: 299.549 GC heap after
{Heap after GC invocations=62 (full 0):
 garbage-first heap   total 196608K, used 86733K [0x00000000a0000000, 0x0000000100000000)
  region size 1024K, 5 young (5120K), 5 survivors (5120K)
 Metaspace       used 81591K, capacity 83641K, committed 83968K, reserved 1122304K
  class space    used 10187K, capacity 10903K, committed 11008K, reserved 1048576K
}
Event: 299.730 GC heap before
{Heap before GC invocations=62 (full 0):
 garbage-first heap   total 196608K, used 117453K [0x00000000a0000000, 0x0000000100000000)
  region size 1024K, 36 young (36864K), 5 survivors (5120K)
 Metaspace       used 81591K, capacity 83641K, committed 83968K, reserved 1122304K
  class space    used 10187K, capacity 10903K, committed 11008K, reserved 1048576K
}
Event: 300.024 GC heap after
{Heap after GC invocations=63 (full 0):
 garbage-first heap   total 196608K, used 85952K [0x00000000a0000000, 0x0000000100000000)
  region size 1024K, 4 young (4096K), 4 survivors (4096K)
 Metaspace       used 81591K, capacity 83641K, committed 83968K, reserved 1122304K
  class space    used 10187K, capacity 10903K, committed 11008K, reserved 1048576K
}
Event: 300.204 GC heap before
{Heap before GC invocations=63 (full 0):
 garbage-first heap   total 196608K, used 111552K [0x00000000a0000000, 0x0000000100000000)
  region size 1024K, 30 young (30720K), 4 survivors (4096K)
 Metaspace       used 81591K, capacity 83641K, committed 83968K, reserved 1122304K
  class space    used 10187K, capacity 10903K, committed 11008K, reserved 1048576K
}
Event: 300.491 GC heap after
{Heap after GC invocations=64 (full 0):
 garbage-first heap   total 196608K, used 85090K [0x00000000a0000000, 0x0000000100000000)
  region size 1024K, 3 young (3072K), 3 survivors (3072K)
 Metaspace       used 81591K, capacity 83641K, committed 83968K, reserved 1122304K
  class space    used 10187K, capacity 10903K, committed 11008K, reserved 1048576K
}
Event: 300.811 GC heap before
{Heap before GC invocations=64 (full 0):
 garbage-first heap   total 196608K, used 105570K [0x00000000a0000000, 0x0000000100000000)
  region size 1024K, 24 young (24576K), 3 survivors (3072K)
 Metaspace       used 81591K, capacity 83641K, committed 83968K, reserved 1122304K
  class space    used 10187K, capacity 10903K, committed 11008K, reserved 1048576K
}

